<?xml version="1.0" encoding="UTF-8"?>
<testsuite name="com.ats.user.application.service.RoleServiceTest" tests="10" skipped="0" failures="0" errors="0" timestamp="2026-03-10T13:45:58.949Z" hostname="pablo-HP-Pavilion-Laptop-14-dv0xxx" time="3.63">
  <properties/>
  <testcase name="createShouldSaveRoleWhenNameIsAvailable()" classname="com.ats.user.application.service.RoleServiceTest" time="3.335"/>
  <testcase name="assignPermissionsShouldReplacePermissionsAndSaveRole()" classname="com.ats.user.application.service.RoleServiceTest" time="0.06"/>
  <testcase name="getByIdShouldThrowWhenMissing()" classname="com.ats.user.application.service.RoleServiceTest" time="0.016"/>
  <testcase name="updateStatusShouldChangeActiveFlag()" classname="com.ats.user.application.service.RoleServiceTest" time="0.028"/>
  <testcase name="assignPermissionsShouldFailWhenAnyPermissionDoesNotExist()" classname="com.ats.user.application.service.RoleServiceTest" time="0.019"/>
  <testcase name="deletePermissionsShouldRemovePermissionsFromVisibleRoleAndSave()" classname="com.ats.user.application.service.RoleServiceTest" time="0.052"/>
  <testcase name="updateShouldModifyRoleFields()" classname="com.ats.user.application.service.RoleServiceTest" time="0.015"/>
  <testcase name="updateShouldFailWhenNameBelongsToAnotherRole()" classname="com.ats.user.application.service.RoleServiceTest" time="0.011"/>
  <testcase name="deleteShouldSetRoleInactive()" classname="com.ats.user.application.service.RoleServiceTest" time="0.01"/>
  <testcase name="createShouldFailWhenRoleNameAlreadyExists()" classname="com.ats.user.application.service.RoleServiceTest" time="0.012"/>
  <system-out><![CDATA[]]></system-out>
  <system-err><![CDATA[Mockito is currently self-attaching to enable the inline-mock-maker. This will no longer work in future releases of the JDK. Please add Mockito as an agent to your build as described in Mockito's documentation: https://javadoc.io/doc/org.mockito/mockito-core/latest/org.mockito/org/mockito/Mockito.html#0.3
WARNING: A Java agent has been loaded dynamically (/home/pablo/.gradle/caches/modules-2/files-2.1/net.bytebuddy/byte-buddy-agent/1.17.8/f09415827a71be7ed621c7bd02550678f28bc81c/byte-buddy-agent-1.17.8.jar)
WARNING: If a serviceability tool is in use, please run with -XX:+EnableDynamicAgentLoading to hide this warning
WARNING: If a serviceability tool is not in use, please run with -Djdk.instrument.traceUsage for more information
WARNING: Dynamic loading of agents will be disallowed by default in a future release
]]></system-err>
</testsuite>
